<?xml version="1.0" encoding="UTF-8"?>
<testsuites>
  <testsuite name="" tests="38" assertions="118" errors="0" warnings="0" failures="0" skipped="0" time="0.884703">
    <testsuite name="Unit" tests="32" assertions="54" errors="0" warnings="0" failures="0" skipped="0" time="0.733971">
      <testsuite name="EolabsIo\YotpoApi\Tests\Unit\Domain\Storefront\CommentTest" file="/Users/timhall/code/packages/yotpo-api/tests/Unit/Domain/Storefront/CommentTest.php" tests="5" assertions="8" errors="0" warnings="0" failures="0" skipped="0" time="0.306887">
        <testcase name="it_can_find_models" class="EolabsIo\YotpoApi\Tests\Unit\Domain\Storefront\CommentTest" classname="EolabsIo.YotpoApi.Tests.Unit.Domain.Storefront.CommentTest" file="/Users/timhall/code/packages/yotpo-api/tests/Unit/Domain/Storefront/CommentTest.php" line="34" assertions="1" time="0.249644"/>
        <testcase name="it_can_create_a_model" class="EolabsIo\YotpoApi\Tests\Unit\Domain\Storefront\CommentTest" classname="EolabsIo.YotpoApi.Tests.Unit.Domain.Storefront.CommentTest" file="/Users/timhall/code/packages/yotpo-api/tests/Unit/Domain/Storefront/CommentTest.php" line="44" assertions="2" time="0.016702"/>
        <testcase name="it_can_find_a_model" class="EolabsIo\YotpoApi\Tests\Unit\Domain\Storefront\CommentTest" classname="EolabsIo.YotpoApi.Tests.Unit.Domain.Storefront.CommentTest" file="/Users/timhall/code/packages/yotpo-api/tests/Unit/Domain/Storefront/CommentTest.php" line="56" assertions="2" time="0.012933"/>
        <testcase name="it_can_update_a_model" class="EolabsIo\YotpoApi\Tests\Unit\Domain\Storefront\CommentTest" classname="EolabsIo.YotpoApi.Tests.Unit.Domain.Storefront.CommentTest" file="/Users/timhall/code/packages/yotpo-api/tests/Unit/Domain/Storefront/CommentTest.php" line="68" assertions="2" time="0.013154"/>
        <testcase name="it_can_delete_a_model" class="EolabsIo\YotpoApi\Tests\Unit\Domain\Storefront\CommentTest" classname="EolabsIo.YotpoApi.Tests.Unit.Domain.Storefront.CommentTest" file="/Users/timhall/code/packages/yotpo-api/tests/Unit/Domain/Storefront/CommentTest.php" line="82" assertions="1" time="0.014454"/>
      </testsuite>
      <testsuite name="EolabsIo\YotpoApi\Tests\Unit\Domain\Storefront\ImagesDataTest" file="/Users/timhall/code/packages/yotpo-api/tests/Unit/Domain/Storefront/ImagesDataTest.php" tests="5" assertions="8" errors="0" warnings="0" failures="0" skipped="0" time="0.088874">
        <testcase name="it_can_find_models" class="EolabsIo\YotpoApi\Tests\Unit\Domain\Storefront\ImagesDataTest" classname="EolabsIo.YotpoApi.Tests.Unit.Domain.Storefront.ImagesDataTest" file="/Users/timhall/code/packages/yotpo-api/tests/Unit/Domain/Storefront/ImagesDataTest.php" line="34" assertions="1" time="0.038323"/>
        <testcase name="it_can_create_a_model" class="EolabsIo\YotpoApi\Tests\Unit\Domain\Storefront\ImagesDataTest" classname="EolabsIo.YotpoApi.Tests.Unit.Domain.Storefront.ImagesDataTest" file="/Users/timhall/code/packages/yotpo-api/tests/Unit/Domain/Storefront/ImagesDataTest.php" line="44" assertions="2" time="0.013429"/>
        <testcase name="it_can_find_a_model" class="EolabsIo\YotpoApi\Tests\Unit\Domain\Storefront\ImagesDataTest" classname="EolabsIo.YotpoApi.Tests.Unit.Domain.Storefront.ImagesDataTest" file="/Users/timhall/code/packages/yotpo-api/tests/Unit/Domain/Storefront/ImagesDataTest.php" line="56" assertions="2" time="0.012849"/>
        <testcase name="it_can_update_a_model" class="EolabsIo\YotpoApi\Tests\Unit\Domain\Storefront\ImagesDataTest" classname="EolabsIo.YotpoApi.Tests.Unit.Domain.Storefront.ImagesDataTest" file="/Users/timhall/code/packages/yotpo-api/tests/Unit/Domain/Storefront/ImagesDataTest.php" line="68" assertions="2" time="0.013085"/>
        <testcase name="it_can_delete_a_model" class="EolabsIo\YotpoApi\Tests\Unit\Domain\Storefront\ImagesDataTest" classname="EolabsIo.YotpoApi.Tests.Unit.Domain.Storefront.ImagesDataTest" file="/Users/timhall/code/packages/yotpo-api/tests/Unit/Domain/Storefront/ImagesDataTest.php" line="82" assertions="1" time="0.011189"/>
      </testsuite>
      <testsuite name="EolabsIo\YotpoApi\Tests\Unit\Domain\Storefront\ProductTest" file="/Users/timhall/code/packages/yotpo-api/tests/Unit/Domain/Storefront/ProductTest.php" tests="6" assertions="11" errors="0" warnings="0" failures="0" skipped="0" time="0.101247">
        <testcase name="it_has_socialLinks_relationship" class="EolabsIo\YotpoApi\Tests\Unit\Domain\Storefront\ProductTest" classname="EolabsIo.YotpoApi.Tests.Unit.Domain.Storefront.ProductTest" file="/Users/timhall/code/packages/yotpo-api/tests/Unit/Domain/Storefront/ProductTest.php" line="17" assertions="3" time="0.026855"/>
        <testcase name="it_can_find_models" class="EolabsIo\YotpoApi\Tests\Unit\Domain\Storefront\ProductTest" classname="EolabsIo.YotpoApi.Tests.Unit.Domain.Storefront.ProductTest" file="/Users/timhall/code/packages/yotpo-api/tests/Unit/Domain/Storefront/ProductTest.php" line="34" assertions="1" time="0.018202"/>
        <testcase name="it_can_create_a_model" class="EolabsIo\YotpoApi\Tests\Unit\Domain\Storefront\ProductTest" classname="EolabsIo.YotpoApi.Tests.Unit.Domain.Storefront.ProductTest" file="/Users/timhall/code/packages/yotpo-api/tests/Unit/Domain/Storefront/ProductTest.php" line="44" assertions="2" time="0.011571"/>
        <testcase name="it_can_find_a_model" class="EolabsIo\YotpoApi\Tests\Unit\Domain\Storefront\ProductTest" classname="EolabsIo.YotpoApi.Tests.Unit.Domain.Storefront.ProductTest" file="/Users/timhall/code/packages/yotpo-api/tests/Unit/Domain/Storefront/ProductTest.php" line="56" assertions="2" time="0.011418"/>
        <testcase name="it_can_update_a_model" class="EolabsIo\YotpoApi\Tests\Unit\Domain\Storefront\ProductTest" classname="EolabsIo.YotpoApi.Tests.Unit.Domain.Storefront.ProductTest" file="/Users/timhall/code/packages/yotpo-api/tests/Unit/Domain/Storefront/ProductTest.php" line="68" assertions="2" time="0.011011"/>
        <testcase name="it_can_delete_a_model" class="EolabsIo\YotpoApi\Tests\Unit\Domain\Storefront\ProductTest" classname="EolabsIo.YotpoApi.Tests.Unit.Domain.Storefront.ProductTest" file="/Users/timhall/code/packages/yotpo-api/tests/Unit/Domain/Storefront/ProductTest.php" line="82" assertions="1" time="0.022189"/>
      </testsuite>
      <testsuite name="EolabsIo\YotpoApi\Tests\Unit\Domain\Storefront\ReviewTest" file="/Users/timhall/code/packages/yotpo-api/tests/Unit/Domain/Storefront/ReviewTest.php" tests="6" assertions="11" errors="0" warnings="0" failures="0" skipped="0" time="0.098692">
        <testcase name="it_has_imagesDatas_relationship" class="EolabsIo\YotpoApi\Tests\Unit\Domain\Storefront\ReviewTest" classname="EolabsIo.YotpoApi.Tests.Unit.Domain.Storefront.ReviewTest" file="/Users/timhall/code/packages/yotpo-api/tests/Unit/Domain/Storefront/ReviewTest.php" line="17" assertions="3" time="0.017822"/>
        <testcase name="it_can_find_models" class="EolabsIo\YotpoApi\Tests\Unit\Domain\Storefront\ReviewTest" classname="EolabsIo.YotpoApi.Tests.Unit.Domain.Storefront.ReviewTest" file="/Users/timhall/code/packages/yotpo-api/tests/Unit/Domain/Storefront/ReviewTest.php" line="34" assertions="1" time="0.031048"/>
        <testcase name="it_can_create_a_model" class="EolabsIo\YotpoApi\Tests\Unit\Domain\Storefront\ReviewTest" classname="EolabsIo.YotpoApi.Tests.Unit.Domain.Storefront.ReviewTest" file="/Users/timhall/code/packages/yotpo-api/tests/Unit/Domain/Storefront/ReviewTest.php" line="44" assertions="2" time="0.013664"/>
        <testcase name="it_can_find_a_model" class="EolabsIo\YotpoApi\Tests\Unit\Domain\Storefront\ReviewTest" classname="EolabsIo.YotpoApi.Tests.Unit.Domain.Storefront.ReviewTest" file="/Users/timhall/code/packages/yotpo-api/tests/Unit/Domain/Storefront/ReviewTest.php" line="56" assertions="2" time="0.011688"/>
        <testcase name="it_can_update_a_model" class="EolabsIo\YotpoApi\Tests\Unit\Domain\Storefront\ReviewTest" classname="EolabsIo.YotpoApi.Tests.Unit.Domain.Storefront.ReviewTest" file="/Users/timhall/code/packages/yotpo-api/tests/Unit/Domain/Storefront/ReviewTest.php" line="68" assertions="2" time="0.013009"/>
        <testcase name="it_can_delete_a_model" class="EolabsIo\YotpoApi\Tests\Unit\Domain\Storefront\ReviewTest" classname="EolabsIo.YotpoApi.Tests.Unit.Domain.Storefront.ReviewTest" file="/Users/timhall/code/packages/yotpo-api/tests/Unit/Domain/Storefront/ReviewTest.php" line="82" assertions="1" time="0.011460"/>
      </testsuite>
      <testsuite name="EolabsIo\YotpoApi\Tests\Unit\Domain\Storefront\SocialLinkTest" file="/Users/timhall/code/packages/yotpo-api/tests/Unit/Domain/Storefront/SocialLinkTest.php" tests="5" assertions="8" errors="0" warnings="0" failures="0" skipped="0" time="0.070417">
        <testcase name="it_can_find_models" class="EolabsIo\YotpoApi\Tests\Unit\Domain\Storefront\SocialLinkTest" classname="EolabsIo.YotpoApi.Tests.Unit.Domain.Storefront.SocialLinkTest" file="/Users/timhall/code/packages/yotpo-api/tests/Unit/Domain/Storefront/SocialLinkTest.php" line="34" assertions="1" time="0.024356"/>
        <testcase name="it_can_create_a_model" class="EolabsIo\YotpoApi\Tests\Unit\Domain\Storefront\SocialLinkTest" classname="EolabsIo.YotpoApi.Tests.Unit.Domain.Storefront.SocialLinkTest" file="/Users/timhall/code/packages/yotpo-api/tests/Unit/Domain/Storefront/SocialLinkTest.php" line="44" assertions="2" time="0.012428"/>
        <testcase name="it_can_find_a_model" class="EolabsIo\YotpoApi\Tests\Unit\Domain\Storefront\SocialLinkTest" classname="EolabsIo.YotpoApi.Tests.Unit.Domain.Storefront.SocialLinkTest" file="/Users/timhall/code/packages/yotpo-api/tests/Unit/Domain/Storefront/SocialLinkTest.php" line="56" assertions="2" time="0.011376"/>
        <testcase name="it_can_update_a_model" class="EolabsIo\YotpoApi\Tests\Unit\Domain\Storefront\SocialLinkTest" classname="EolabsIo.YotpoApi.Tests.Unit.Domain.Storefront.SocialLinkTest" file="/Users/timhall/code/packages/yotpo-api/tests/Unit/Domain/Storefront/SocialLinkTest.php" line="68" assertions="2" time="0.011487"/>
        <testcase name="it_can_delete_a_model" class="EolabsIo\YotpoApi\Tests\Unit\Domain\Storefront\SocialLinkTest" classname="EolabsIo.YotpoApi.Tests.Unit.Domain.Storefront.SocialLinkTest" file="/Users/timhall/code/packages/yotpo-api/tests/Unit/Domain/Storefront/SocialLinkTest.php" line="82" assertions="1" time="0.010770"/>
      </testsuite>
      <testsuite name="EolabsIo\YotpoApi\Tests\Unit\Domain\Storefront\UserTest" file="/Users/timhall/code/packages/yotpo-api/tests/Unit/Domain/Storefront/UserTest.php" tests="5" assertions="8" errors="0" warnings="0" failures="0" skipped="0" time="0.067855">
        <testcase name="it_can_find_models" class="EolabsIo\YotpoApi\Tests\Unit\Domain\Storefront\UserTest" classname="EolabsIo.YotpoApi.Tests.Unit.Domain.Storefront.UserTest" file="/Users/timhall/code/packages/yotpo-api/tests/Unit/Domain/Storefront/UserTest.php" line="34" assertions="1" time="0.021746"/>
        <testcase name="it_can_create_a_model" class="EolabsIo\YotpoApi\Tests\Unit\Domain\Storefront\UserTest" classname="EolabsIo.YotpoApi.Tests.Unit.Domain.Storefront.UserTest" file="/Users/timhall/code/packages/yotpo-api/tests/Unit/Domain/Storefront/UserTest.php" line="44" assertions="2" time="0.012114"/>
        <testcase name="it_can_find_a_model" class="EolabsIo\YotpoApi\Tests\Unit\Domain\Storefront\UserTest" classname="EolabsIo.YotpoApi.Tests.Unit.Domain.Storefront.UserTest" file="/Users/timhall/code/packages/yotpo-api/tests/Unit/Domain/Storefront/UserTest.php" line="56" assertions="2" time="0.011520"/>
        <testcase name="it_can_update_a_model" class="EolabsIo\YotpoApi\Tests\Unit\Domain\Storefront\UserTest" classname="EolabsIo.YotpoApi.Tests.Unit.Domain.Storefront.UserTest" file="/Users/timhall/code/packages/yotpo-api/tests/Unit/Domain/Storefront/UserTest.php" line="68" assertions="2" time="0.011745"/>
        <testcase name="it_can_delete_a_model" class="EolabsIo\YotpoApi\Tests\Unit\Domain\Storefront\UserTest" classname="EolabsIo.YotpoApi.Tests.Unit.Domain.Storefront.UserTest" file="/Users/timhall/code/packages/yotpo-api/tests/Unit/Domain/Storefront/UserTest.php" line="82" assertions="1" time="0.010730"/>
      </testsuite>
    </testsuite>
    <testsuite name="Feature" tests="6" assertions="64" errors="0" warnings="0" failures="0" skipped="0" time="0.150731">
      <testsuite name="EolabsIo\YotpoApi\Tests\Feature\Domain\Storefront\PerformFetchReviewTest" file="/Users/timhall/code/packages/yotpo-api/tests/Feature/Domain/Storefront/PerformFetchReviewTest.php" tests="1" assertions="2" errors="0" warnings="0" failures="0" skipped="0" time="0.048963">
        <testcase name="it_calls_the_correct_job" class="EolabsIo\YotpoApi\Tests\Feature\Domain\Storefront\PerformFetchReviewTest" classname="EolabsIo.YotpoApi.Tests.Feature.Domain.Storefront.PerformFetchReviewTest" file="/Users/timhall/code/packages/yotpo-api/tests/Feature/Domain/Storefront/PerformFetchReviewTest.php" line="28" assertions="2" time="0.048963"/>
      </testsuite>
      <testsuite name="EolabsIo\YotpoApi\Tests\Feature\Domain\Storefront\ProcessFetchReviewResponseTest" file="/Users/timhall/code/packages/yotpo-api/tests/Feature/Domain/Storefront/ProcessFetchReviewResponseTest.php" tests="2" assertions="50" errors="0" warnings="0" failures="0" skipped="0" time="0.061709">
        <testcase name="it_can_process_list_review_response" class="EolabsIo\YotpoApi\Tests\Feature\Domain\Storefront\ProcessFetchReviewResponseTest" classname="EolabsIo.YotpoApi.Tests.Feature.Domain.Storefront.ProcessFetchReviewResponseTest" file="/Users/timhall/code/packages/yotpo-api/tests/Feature/Domain/Storefront/ProcessFetchReviewResponseTest.php" line="31" assertions="38" time="0.038343"/>
        <testcase name="it_can_process_same_order_without_duplication_response" class="EolabsIo\YotpoApi\Tests\Feature\Domain\Storefront\ProcessFetchReviewResponseTest" classname="EolabsIo.YotpoApi.Tests.Feature.Domain.Storefront.ProcessFetchReviewResponseTest" file="/Users/timhall/code/packages/yotpo-api/tests/Feature/Domain/Storefront/ProcessFetchReviewResponseTest.php" line="68" assertions="12" time="0.023366"/>
      </testsuite>
      <testsuite name="EolabsIo\YotpoApi\Tests\Feature\Domain\Storefront\ReviewCommandTest" file="/Users/timhall/code/packages/yotpo-api/tests/Feature/Domain/Storefront/ReviewCommandTest.php" tests="1" assertions="2" errors="0" warnings="0" failures="0" skipped="0" time="0.014222">
        <testcase name="it_can_execute_review_artisan_command" class="EolabsIo\YotpoApi\Tests\Feature\Domain\Storefront\ReviewCommandTest" classname="EolabsIo.YotpoApi.Tests.Feature.Domain.Storefront.ReviewCommandTest" file="/Users/timhall/code/packages/yotpo-api/tests/Feature/Domain/Storefront/ReviewCommandTest.php" line="21" assertions="2" time="0.014222"/>
      </testsuite>
      <testsuite name="EolabsIo\YotpoApi\Tests\Feature\Domain\Storefront\ReviewTest" file="/Users/timhall/code/packages/yotpo-api/tests/Feature/Domain/Storefront/ReviewTest.php" tests="2" assertions="10" errors="0" warnings="0" failures="0" skipped="0" time="0.025838">
        <testcase name="it_sends_the_correct_request_for_review_query" class="EolabsIo\YotpoApi\Tests\Feature\Domain\Storefront\ReviewTest" classname="EolabsIo.YotpoApi.Tests.Feature.Domain.Storefront.ReviewTest" file="/Users/timhall/code/packages/yotpo-api/tests/Feature/Domain/Storefront/ReviewTest.php" line="23" assertions="1" time="0.015040"/>
        <testcase name="it_can_get_a_valid_review_response" class="EolabsIo\YotpoApi\Tests\Feature\Domain\Storefront\ReviewTest" classname="EolabsIo.YotpoApi.Tests.Feature.Domain.Storefront.ReviewTest" file="/Users/timhall/code/packages/yotpo-api/tests/Feature/Domain/Storefront/ReviewTest.php" line="39" assertions="9" time="0.010798"/>
      </testsuite>
    </testsuite>
  </testsuite>
</testsuites>
