<?xml version="1.0" encoding="UTF-8"?>
<testsuites>
  <testsuite name="" tests="43" assertions="126" errors="0" warnings="0" failures="0" skipped="0" time="0.845851">
    <testsuite name="Unit" tests="37" assertions="62" errors="0" warnings="0" failures="0" skipped="0" time="0.683352">
      <testsuite name="EolabsIo\YotpoApi\Tests\Unit\Domain\Storefront\CommentTest" file="/Users/timhall/code/packages/yotpo-api/tests/Unit/Domain/Storefront/CommentTest.php" tests="5" assertions="8" errors="0" warnings="0" failures="0" skipped="0" time="0.159593">
        <testcase name="it_can_find_models" class="EolabsIo\YotpoApi\Tests\Unit\Domain\Storefront\CommentTest" classname="EolabsIo.YotpoApi.Tests.Unit.Domain.Storefront.CommentTest" file="/Users/timhall/code/packages/yotpo-api/tests/Unit/Domain/Storefront/CommentTest.php" line="34" assertions="1" time="0.115003"/>
        <testcase name="it_can_create_a_model" class="EolabsIo\YotpoApi\Tests\Unit\Domain\Storefront\CommentTest" classname="EolabsIo.YotpoApi.Tests.Unit.Domain.Storefront.CommentTest" file="/Users/timhall/code/packages/yotpo-api/tests/Unit/Domain/Storefront/CommentTest.php" line="44" assertions="2" time="0.012460"/>
        <testcase name="it_can_find_a_model" class="EolabsIo\YotpoApi\Tests\Unit\Domain\Storefront\CommentTest" classname="EolabsIo.YotpoApi.Tests.Unit.Domain.Storefront.CommentTest" file="/Users/timhall/code/packages/yotpo-api/tests/Unit/Domain/Storefront/CommentTest.php" line="56" assertions="2" time="0.010444"/>
        <testcase name="it_can_update_a_model" class="EolabsIo\YotpoApi\Tests\Unit\Domain\Storefront\CommentTest" classname="EolabsIo.YotpoApi.Tests.Unit.Domain.Storefront.CommentTest" file="/Users/timhall/code/packages/yotpo-api/tests/Unit/Domain/Storefront/CommentTest.php" line="68" assertions="2" time="0.011149"/>
        <testcase name="it_can_delete_a_model" class="EolabsIo\YotpoApi\Tests\Unit\Domain\Storefront\CommentTest" classname="EolabsIo.YotpoApi.Tests.Unit.Domain.Storefront.CommentTest" file="/Users/timhall/code/packages/yotpo-api/tests/Unit/Domain/Storefront/CommentTest.php" line="82" assertions="1" time="0.010538"/>
      </testsuite>
      <testsuite name="EolabsIo\YotpoApi\Tests\Unit\Domain\Storefront\ImagesDataTest" file="/Users/timhall/code/packages/yotpo-api/tests/Unit/Domain/Storefront/ImagesDataTest.php" tests="5" assertions="8" errors="0" warnings="0" failures="0" skipped="0" time="0.096873">
        <testcase name="it_can_find_models" class="EolabsIo\YotpoApi\Tests\Unit\Domain\Storefront\ImagesDataTest" classname="EolabsIo.YotpoApi.Tests.Unit.Domain.Storefront.ImagesDataTest" file="/Users/timhall/code/packages/yotpo-api/tests/Unit/Domain/Storefront/ImagesDataTest.php" line="34" assertions="1" time="0.043945"/>
        <testcase name="it_can_create_a_model" class="EolabsIo\YotpoApi\Tests\Unit\Domain\Storefront\ImagesDataTest" classname="EolabsIo.YotpoApi.Tests.Unit.Domain.Storefront.ImagesDataTest" file="/Users/timhall/code/packages/yotpo-api/tests/Unit/Domain/Storefront/ImagesDataTest.php" line="44" assertions="2" time="0.013962"/>
        <testcase name="it_can_find_a_model" class="EolabsIo\YotpoApi\Tests\Unit\Domain\Storefront\ImagesDataTest" classname="EolabsIo.YotpoApi.Tests.Unit.Domain.Storefront.ImagesDataTest" file="/Users/timhall/code/packages/yotpo-api/tests/Unit/Domain/Storefront/ImagesDataTest.php" line="56" assertions="2" time="0.013603"/>
        <testcase name="it_can_update_a_model" class="EolabsIo\YotpoApi\Tests\Unit\Domain\Storefront\ImagesDataTest" classname="EolabsIo.YotpoApi.Tests.Unit.Domain.Storefront.ImagesDataTest" file="/Users/timhall/code/packages/yotpo-api/tests/Unit/Domain/Storefront/ImagesDataTest.php" line="68" assertions="2" time="0.014017"/>
        <testcase name="it_can_delete_a_model" class="EolabsIo\YotpoApi\Tests\Unit\Domain\Storefront\ImagesDataTest" classname="EolabsIo.YotpoApi.Tests.Unit.Domain.Storefront.ImagesDataTest" file="/Users/timhall/code/packages/yotpo-api/tests/Unit/Domain/Storefront/ImagesDataTest.php" line="82" assertions="1" time="0.011346"/>
      </testsuite>
      <testsuite name="EolabsIo\YotpoApi\Tests\Unit\Domain\Storefront\ProductTest" file="/Users/timhall/code/packages/yotpo-api/tests/Unit/Domain/Storefront/ProductTest.php" tests="6" assertions="11" errors="0" warnings="0" failures="0" skipped="0" time="0.089358">
        <testcase name="it_has_socialLinks_relationship" class="EolabsIo\YotpoApi\Tests\Unit\Domain\Storefront\ProductTest" classname="EolabsIo.YotpoApi.Tests.Unit.Domain.Storefront.ProductTest" file="/Users/timhall/code/packages/yotpo-api/tests/Unit/Domain/Storefront/ProductTest.php" line="17" assertions="3" time="0.023178"/>
        <testcase name="it_can_find_models" class="EolabsIo\YotpoApi\Tests\Unit\Domain\Storefront\ProductTest" classname="EolabsIo.YotpoApi.Tests.Unit.Domain.Storefront.ProductTest" file="/Users/timhall/code/packages/yotpo-api/tests/Unit/Domain/Storefront/ProductTest.php" line="34" assertions="1" time="0.019616"/>
        <testcase name="it_can_create_a_model" class="EolabsIo\YotpoApi\Tests\Unit\Domain\Storefront\ProductTest" classname="EolabsIo.YotpoApi.Tests.Unit.Domain.Storefront.ProductTest" file="/Users/timhall/code/packages/yotpo-api/tests/Unit/Domain/Storefront/ProductTest.php" line="44" assertions="2" time="0.012281"/>
        <testcase name="it_can_find_a_model" class="EolabsIo\YotpoApi\Tests\Unit\Domain\Storefront\ProductTest" classname="EolabsIo.YotpoApi.Tests.Unit.Domain.Storefront.ProductTest" file="/Users/timhall/code/packages/yotpo-api/tests/Unit/Domain/Storefront/ProductTest.php" line="56" assertions="2" time="0.011826"/>
        <testcase name="it_can_update_a_model" class="EolabsIo\YotpoApi\Tests\Unit\Domain\Storefront\ProductTest" classname="EolabsIo.YotpoApi.Tests.Unit.Domain.Storefront.ProductTest" file="/Users/timhall/code/packages/yotpo-api/tests/Unit/Domain/Storefront/ProductTest.php" line="68" assertions="2" time="0.012149"/>
        <testcase name="it_can_delete_a_model" class="EolabsIo\YotpoApi\Tests\Unit\Domain\Storefront\ProductTest" classname="EolabsIo.YotpoApi.Tests.Unit.Domain.Storefront.ProductTest" file="/Users/timhall/code/packages/yotpo-api/tests/Unit/Domain/Storefront/ProductTest.php" line="82" assertions="1" time="0.010308"/>
      </testsuite>
      <testsuite name="EolabsIo\YotpoApi\Tests\Unit\Domain\Storefront\ReviewStatusTest" file="/Users/timhall/code/packages/yotpo-api/tests/Unit/Domain/Storefront/ReviewStatusTest.php" tests="5" assertions="8" errors="0" warnings="0" failures="0" skipped="0" time="0.072163">
        <testcase name="it_can_find_models" class="EolabsIo\YotpoApi\Tests\Unit\Domain\Storefront\ReviewStatusTest" classname="EolabsIo.YotpoApi.Tests.Unit.Domain.Storefront.ReviewStatusTest" file="/Users/timhall/code/packages/yotpo-api/tests/Unit/Domain/Storefront/ReviewStatusTest.php" line="34" assertions="1" time="0.022453"/>
        <testcase name="it_can_create_a_model" class="EolabsIo\YotpoApi\Tests\Unit\Domain\Storefront\ReviewStatusTest" classname="EolabsIo.YotpoApi.Tests.Unit.Domain.Storefront.ReviewStatusTest" file="/Users/timhall/code/packages/yotpo-api/tests/Unit/Domain/Storefront/ReviewStatusTest.php" line="44" assertions="2" time="0.013664"/>
        <testcase name="it_can_find_a_model" class="EolabsIo\YotpoApi\Tests\Unit\Domain\Storefront\ReviewStatusTest" classname="EolabsIo.YotpoApi.Tests.Unit.Domain.Storefront.ReviewStatusTest" file="/Users/timhall/code/packages/yotpo-api/tests/Unit/Domain/Storefront/ReviewStatusTest.php" line="56" assertions="2" time="0.012124"/>
        <testcase name="it_can_update_a_model" class="EolabsIo\YotpoApi\Tests\Unit\Domain\Storefront\ReviewStatusTest" classname="EolabsIo.YotpoApi.Tests.Unit.Domain.Storefront.ReviewStatusTest" file="/Users/timhall/code/packages/yotpo-api/tests/Unit/Domain/Storefront/ReviewStatusTest.php" line="68" assertions="2" time="0.012140"/>
        <testcase name="it_can_delete_a_model" class="EolabsIo\YotpoApi\Tests\Unit\Domain\Storefront\ReviewStatusTest" classname="EolabsIo.YotpoApi.Tests.Unit.Domain.Storefront.ReviewStatusTest" file="/Users/timhall/code/packages/yotpo-api/tests/Unit/Domain/Storefront/ReviewStatusTest.php" line="82" assertions="1" time="0.011782"/>
      </testsuite>
      <testsuite name="EolabsIo\YotpoApi\Tests\Unit\Domain\Storefront\ReviewTest" file="/Users/timhall/code/packages/yotpo-api/tests/Unit/Domain/Storefront/ReviewTest.php" tests="6" assertions="11" errors="0" warnings="0" failures="0" skipped="0" time="0.123157">
        <testcase name="it_has_imagesDatas_relationship" class="EolabsIo\YotpoApi\Tests\Unit\Domain\Storefront\ReviewTest" classname="EolabsIo.YotpoApi.Tests.Unit.Domain.Storefront.ReviewTest" file="/Users/timhall/code/packages/yotpo-api/tests/Unit/Domain/Storefront/ReviewTest.php" line="17" assertions="3" time="0.022445"/>
        <testcase name="it_can_find_models" class="EolabsIo\YotpoApi\Tests\Unit\Domain\Storefront\ReviewTest" classname="EolabsIo.YotpoApi.Tests.Unit.Domain.Storefront.ReviewTest" file="/Users/timhall/code/packages/yotpo-api/tests/Unit/Domain/Storefront/ReviewTest.php" line="34" assertions="1" time="0.051738"/>
        <testcase name="it_can_create_a_model" class="EolabsIo\YotpoApi\Tests\Unit\Domain\Storefront\ReviewTest" classname="EolabsIo.YotpoApi.Tests.Unit.Domain.Storefront.ReviewTest" file="/Users/timhall/code/packages/yotpo-api/tests/Unit/Domain/Storefront/ReviewTest.php" line="44" assertions="2" time="0.012044"/>
        <testcase name="it_can_find_a_model" class="EolabsIo\YotpoApi\Tests\Unit\Domain\Storefront\ReviewTest" classname="EolabsIo.YotpoApi.Tests.Unit.Domain.Storefront.ReviewTest" file="/Users/timhall/code/packages/yotpo-api/tests/Unit/Domain/Storefront/ReviewTest.php" line="56" assertions="2" time="0.011604"/>
        <testcase name="it_can_update_a_model" class="EolabsIo\YotpoApi\Tests\Unit\Domain\Storefront\ReviewTest" classname="EolabsIo.YotpoApi.Tests.Unit.Domain.Storefront.ReviewTest" file="/Users/timhall/code/packages/yotpo-api/tests/Unit/Domain/Storefront/ReviewTest.php" line="68" assertions="2" time="0.013831"/>
        <testcase name="it_can_delete_a_model" class="EolabsIo\YotpoApi\Tests\Unit\Domain\Storefront\ReviewTest" classname="EolabsIo.YotpoApi.Tests.Unit.Domain.Storefront.ReviewTest" file="/Users/timhall/code/packages/yotpo-api/tests/Unit/Domain/Storefront/ReviewTest.php" line="82" assertions="1" time="0.011495"/>
      </testsuite>
      <testsuite name="EolabsIo\YotpoApi\Tests\Unit\Domain\Storefront\SocialLinkTest" file="/Users/timhall/code/packages/yotpo-api/tests/Unit/Domain/Storefront/SocialLinkTest.php" tests="5" assertions="8" errors="0" warnings="0" failures="0" skipped="0" time="0.064602">
        <testcase name="it_can_find_models" class="EolabsIo\YotpoApi\Tests\Unit\Domain\Storefront\SocialLinkTest" classname="EolabsIo.YotpoApi.Tests.Unit.Domain.Storefront.SocialLinkTest" file="/Users/timhall/code/packages/yotpo-api/tests/Unit/Domain/Storefront/SocialLinkTest.php" line="34" assertions="1" time="0.017239"/>
        <testcase name="it_can_create_a_model" class="EolabsIo\YotpoApi\Tests\Unit\Domain\Storefront\SocialLinkTest" classname="EolabsIo.YotpoApi.Tests.Unit.Domain.Storefront.SocialLinkTest" file="/Users/timhall/code/packages/yotpo-api/tests/Unit/Domain/Storefront/SocialLinkTest.php" line="44" assertions="2" time="0.012348"/>
        <testcase name="it_can_find_a_model" class="EolabsIo\YotpoApi\Tests\Unit\Domain\Storefront\SocialLinkTest" classname="EolabsIo.YotpoApi.Tests.Unit.Domain.Storefront.SocialLinkTest" file="/Users/timhall/code/packages/yotpo-api/tests/Unit/Domain/Storefront/SocialLinkTest.php" line="56" assertions="2" time="0.012348"/>
        <testcase name="it_can_update_a_model" class="EolabsIo\YotpoApi\Tests\Unit\Domain\Storefront\SocialLinkTest" classname="EolabsIo.YotpoApi.Tests.Unit.Domain.Storefront.SocialLinkTest" file="/Users/timhall/code/packages/yotpo-api/tests/Unit/Domain/Storefront/SocialLinkTest.php" line="68" assertions="2" time="0.012294"/>
        <testcase name="it_can_delete_a_model" class="EolabsIo\YotpoApi\Tests\Unit\Domain\Storefront\SocialLinkTest" classname="EolabsIo.YotpoApi.Tests.Unit.Domain.Storefront.SocialLinkTest" file="/Users/timhall/code/packages/yotpo-api/tests/Unit/Domain/Storefront/SocialLinkTest.php" line="82" assertions="1" time="0.010372"/>
      </testsuite>
      <testsuite name="EolabsIo\YotpoApi\Tests\Unit\Domain\Storefront\UserTest" file="/Users/timhall/code/packages/yotpo-api/tests/Unit/Domain/Storefront/UserTest.php" tests="5" assertions="8" errors="0" warnings="0" failures="0" skipped="0" time="0.077607">
        <testcase name="it_can_find_models" class="EolabsIo\YotpoApi\Tests\Unit\Domain\Storefront\UserTest" classname="EolabsIo.YotpoApi.Tests.Unit.Domain.Storefront.UserTest" file="/Users/timhall/code/packages/yotpo-api/tests/Unit/Domain/Storefront/UserTest.php" line="34" assertions="1" time="0.023083"/>
        <testcase name="it_can_create_a_model" class="EolabsIo\YotpoApi\Tests\Unit\Domain\Storefront\UserTest" classname="EolabsIo.YotpoApi.Tests.Unit.Domain.Storefront.UserTest" file="/Users/timhall/code/packages/yotpo-api/tests/Unit/Domain/Storefront/UserTest.php" line="44" assertions="2" time="0.014732"/>
        <testcase name="it_can_find_a_model" class="EolabsIo\YotpoApi\Tests\Unit\Domain\Storefront\UserTest" classname="EolabsIo.YotpoApi.Tests.Unit.Domain.Storefront.UserTest" file="/Users/timhall/code/packages/yotpo-api/tests/Unit/Domain/Storefront/UserTest.php" line="56" assertions="2" time="0.015738"/>
        <testcase name="it_can_update_a_model" class="EolabsIo\YotpoApi\Tests\Unit\Domain\Storefront\UserTest" classname="EolabsIo.YotpoApi.Tests.Unit.Domain.Storefront.UserTest" file="/Users/timhall/code/packages/yotpo-api/tests/Unit/Domain/Storefront/UserTest.php" line="68" assertions="2" time="0.012390"/>
        <testcase name="it_can_delete_a_model" class="EolabsIo\YotpoApi\Tests\Unit\Domain\Storefront\UserTest" classname="EolabsIo.YotpoApi.Tests.Unit.Domain.Storefront.UserTest" file="/Users/timhall/code/packages/yotpo-api/tests/Unit/Domain/Storefront/UserTest.php" line="82" assertions="1" time="0.011665"/>
      </testsuite>
    </testsuite>
    <testsuite name="Feature" tests="6" assertions="64" errors="0" warnings="0" failures="0" skipped="0" time="0.162499">
      <testsuite name="EolabsIo\YotpoApi\Tests\Feature\Domain\Storefront\PerformFetchReviewTest" file="/Users/timhall/code/packages/yotpo-api/tests/Feature/Domain/Storefront/PerformFetchReviewTest.php" tests="1" assertions="2" errors="0" warnings="0" failures="0" skipped="0" time="0.057804">
        <testcase name="it_calls_the_correct_job" class="EolabsIo\YotpoApi\Tests\Feature\Domain\Storefront\PerformFetchReviewTest" classname="EolabsIo.YotpoApi.Tests.Feature.Domain.Storefront.PerformFetchReviewTest" file="/Users/timhall/code/packages/yotpo-api/tests/Feature/Domain/Storefront/PerformFetchReviewTest.php" line="28" assertions="2" time="0.057804"/>
      </testsuite>
      <testsuite name="EolabsIo\YotpoApi\Tests\Feature\Domain\Storefront\ProcessFetchReviewResponseTest" file="/Users/timhall/code/packages/yotpo-api/tests/Feature/Domain/Storefront/ProcessFetchReviewResponseTest.php" tests="2" assertions="50" errors="0" warnings="0" failures="0" skipped="0" time="0.059373">
        <testcase name="it_can_process_list_review_response" class="EolabsIo\YotpoApi\Tests\Feature\Domain\Storefront\ProcessFetchReviewResponseTest" classname="EolabsIo.YotpoApi.Tests.Feature.Domain.Storefront.ProcessFetchReviewResponseTest" file="/Users/timhall/code/packages/yotpo-api/tests/Feature/Domain/Storefront/ProcessFetchReviewResponseTest.php" line="31" assertions="38" time="0.039777"/>
        <testcase name="it_can_process_same_order_without_duplication_response" class="EolabsIo\YotpoApi\Tests\Feature\Domain\Storefront\ProcessFetchReviewResponseTest" classname="EolabsIo.YotpoApi.Tests.Feature.Domain.Storefront.ProcessFetchReviewResponseTest" file="/Users/timhall/code/packages/yotpo-api/tests/Feature/Domain/Storefront/ProcessFetchReviewResponseTest.php" line="68" assertions="12" time="0.019597"/>
      </testsuite>
      <testsuite name="EolabsIo\YotpoApi\Tests\Feature\Domain\Storefront\ReviewCommandTest" file="/Users/timhall/code/packages/yotpo-api/tests/Feature/Domain/Storefront/ReviewCommandTest.php" tests="1" assertions="2" errors="0" warnings="0" failures="0" skipped="0" time="0.018662">
        <testcase name="it_can_execute_review_artisan_command" class="EolabsIo\YotpoApi\Tests\Feature\Domain\Storefront\ReviewCommandTest" classname="EolabsIo.YotpoApi.Tests.Feature.Domain.Storefront.ReviewCommandTest" file="/Users/timhall/code/packages/yotpo-api/tests/Feature/Domain/Storefront/ReviewCommandTest.php" line="21" assertions="2" time="0.018662"/>
      </testsuite>
      <testsuite name="EolabsIo\YotpoApi\Tests\Feature\Domain\Storefront\ReviewTest" file="/Users/timhall/code/packages/yotpo-api/tests/Feature/Domain/Storefront/ReviewTest.php" tests="2" assertions="10" errors="0" warnings="0" failures="0" skipped="0" time="0.026659">
        <testcase name="it_sends_the_correct_request_for_review_query" class="EolabsIo\YotpoApi\Tests\Feature\Domain\Storefront\ReviewTest" classname="EolabsIo.YotpoApi.Tests.Feature.Domain.Storefront.ReviewTest" file="/Users/timhall/code/packages/yotpo-api/tests/Feature/Domain/Storefront/ReviewTest.php" line="23" assertions="1" time="0.015327"/>
        <testcase name="it_can_get_a_valid_review_response" class="EolabsIo\YotpoApi\Tests\Feature\Domain\Storefront\ReviewTest" classname="EolabsIo.YotpoApi.Tests.Feature.Domain.Storefront.ReviewTest" file="/Users/timhall/code/packages/yotpo-api/tests/Feature/Domain/Storefront/ReviewTest.php" line="39" assertions="9" time="0.011332"/>
      </testsuite>
    </testsuite>
  </testsuite>
</testsuites>
